0 info it worked if it ends with ok
1 verbose cli [ 'C:\\Program Files\\nodejs\\node.exe',
1 verbose cli   'C:\\Program Files\\nodejs\\node_modules\\npm\\bin\\npm-cli.js',
1 verbose cli   'run',
1 verbose cli   'dev' ]
2 info using npm@4.1.2
3 info using node@v7.7.3
4 verbose run-script [ 'predev', 'dev', 'postdev' ]
5 info lifecycle devrantron@0.0.1~predev: devrantron@0.0.1
6 silly lifecycle devrantron@0.0.1~predev: no script for predev, continuing
7 info lifecycle devrantron@0.0.1~dev: devrantron@0.0.1
8 verbose lifecycle devrantron@0.0.1~dev: unsafe-perm in lifecycle true
9 verbose lifecycle devrantron@0.0.1~dev: PATH: C:\Program Files\nodejs\node_modules\npm\bin\node-gyp-bin;C:\Users\tahnik\Git\devRantron\node_modules\.bin;C:\Softwares\cmder\bin;C:\Softwares\cmder\vendor\conemu-maximus5\ConEmu\Scripts;C:\Softwares\cmder\vendor\conemu-maximus5;C:\Softwares\cmder\vendor\conemu-maximus5\ConEmu;C:\Windows\system32;C:\Windows;C:\Windows\System32\Wbem;C:\Windows\System32\WindowsPowerShell\v1.0\;C:\Program Files (x86)\NVIDIA Corporation\PhysX\Common;C:\Program Files\Git\cmd;C:\Softwares\cmder;C:\Program Files (x86)\Skype\Phone\;C:\Program Files\nodejs\;C:\Program Files (x86)\Yarn\bin;C:\Users\tahnik\AppData\Local\Microsoft\WindowsApps;;C:\Program Files (x86)\Microsoft VS Code\bin;C:\Users\tahnik\AppData\Roaming\npm;C:\Users\tahnik\AppData\Local\Yarn\.bin;C:\Program Files\Git\usr\bin;C:\Program Files\Git\usr\share\vim\vim74;C:\Softwares\cmder\
10 verbose lifecycle devrantron@0.0.1~dev: CWD: C:\Users\tahnik\Git\devRantron
11 silly lifecycle devrantron@0.0.1~dev: Args: [ '/d /s /c', 'concurrently -k "npm run hot" "npm run start"' ]
12 silly lifecycle devrantron@0.0.1~dev: Returned: code: 1  signal: null
13 info lifecycle devrantron@0.0.1~dev: Failed to exec dev script
14 verbose stack Error: devrantron@0.0.1 dev: `concurrently -k "npm run hot" "npm run start"`
14 verbose stack Exit status 1
14 verbose stack     at EventEmitter.<anonymous> (C:\Program Files\nodejs\node_modules\npm\lib\utils\lifecycle.js:279:16)
14 verbose stack     at emitTwo (events.js:106:13)
14 verbose stack     at EventEmitter.emit (events.js:194:7)
14 verbose stack     at ChildProcess.<anonymous> (C:\Program Files\nodejs\node_modules\npm\lib\utils\spawn.js:40:14)
14 verbose stack     at emitTwo (events.js:106:13)
14 verbose stack     at ChildProcess.emit (events.js:194:7)
14 verbose stack     at maybeClose (internal/child_process.js:899:16)
14 verbose stack     at Process.ChildProcess._handle.onexit (internal/child_process.js:226:5)
15 verbose pkgid devrantron@0.0.1
16 verbose cwd C:\Users\tahnik\Git\devRantron
17 error Windows_NT 10.0.14393
18 error argv "C:\\Program Files\\nodejs\\node.exe" "C:\\Program Files\\nodejs\\node_modules\\npm\\bin\\npm-cli.js" "run" "dev"
19 error node v7.7.3
20 error npm  v4.1.2
21 error code ELIFECYCLE
22 error devrantron@0.0.1 dev: `concurrently -k "npm run hot" "npm run start"`
22 error Exit status 1
23 error Failed at the devrantron@0.0.1 dev script 'concurrently -k "npm run hot" "npm run start"'.
23 error Make sure you have the latest version of node.js and npm installed.
23 error If you do, this is most likely a problem with the devrantron package,
23 error not with npm itself.
23 error Tell the author that this fails on your system:
23 error     concurrently -k "npm run hot" "npm run start"
23 error You can get information on how to open an issue for this project with:
23 error     npm bugs devrantron
23 error Or if that isn't available, you can get their info via:
23 error     npm owner ls devrantron
23 error There is likely additional logging output above.
24 verbose exit [ 1, true ]
